# JRE version: OpenJDK Runtime Environment (12.0+33) (build 12-BellSoft+33)
# Java VM: OpenJDK 64-Bit Server VM (12-BellSoft+33, mixed mode, tiered, compressed oops, g1 gc, linux-amd64)
Heap:
 garbage-first heap   total 384000K, used 91000K [0x00000000a4200000, 0x0000000100000000)
  region size 1024K, 1 young (1024K), 1 survivors (1024K)
 Metaspace       used 61568K, capacity 63148K, committed 63360K, reserved 1103872K
  class space    used 7871K, capacity 8458K, committed 8576K, reserved 1048576K
GC Heap History (10 events):
Event: 540,675 GC heap after
{Heap after GC invocations=50 (full 0):
 garbage-first heap   total 250880K, used 91001K [0x00000000a4200000, 0x0000000100000000)
  region size 1024K, 1 young (1024K), 1 survivors (1024K)
 Metaspace       used 61565K, capacity 63084K, committed 63360K, reserved 1103872K
  class space    used 7871K, capacity 8458K, committed 8576K, reserved 1048576K
}
Event: 601,010 GC heap before
{Heap before GC invocations=50 (full 0):
 garbage-first heap   total 250880K, used 102265K [0x00000000a4200000, 0x0000000100000000)
  region size 1024K, 12 young (12288K), 1 survivors (1024K)
 Metaspace       used 61565K, capacity 63084K, committed 63360K, reserved 1103872K
  class space    used 7871K, capacity 8458K, committed 8576K, reserved 1048576K
}
Event: 604,829 GC heap after
{Heap after GC invocations=51 (full 0):
 garbage-first heap   total 250880K, used 90996K [0x00000000a4200000, 0x0000000100000000)
  region size 1024K, 1 young (1024K), 1 survivors (1024K)
 Metaspace       used 61565K, capacity 63084K, committed 63360K, reserved 1103872K
  class space    used 7871K, capacity 8458K, committed 8576K, reserved 1048576K
}
Event: 708,900 GC heap before
{Heap before GC invocations=51 (full 0):
 garbage-first heap   total 250880K, used 102260K [0x00000000a4200000, 0x0000000100000000)
  region size 1024K, 12 young (12288K), 1 survivors (1024K)
 Metaspace       used 61568K, capacity 63148K, committed 63360K, reserved 1103872K
  class space    used 7871K, capacity 8458K, committed 8576K, reserved 1048576K
}
Event: 713,078 GC heap after
{Heap after GC invocations=52 (full 0):
 garbage-first heap   total 250880K, used 90998K [0x00000000a4200000, 0x0000000100000000)
  region size 1024K, 1 young (1024K), 1 survivors (1024K)
 Metaspace       used 61568K, capacity 63148K, committed 63360K, reserved 1103872K
  class space    used 7871K, capacity 8458K, committed 8576K, reserved 1048576K
}
Event: 786,321 GC heap before
{Heap before GC invocations=52 (full 0):
 garbage-first heap   total 250880K, used 102262K [0x00000000a4200000, 0x0000000100000000)
  region size 1024K, 12 young (12288K), 1 survivors (1024K)
 Metaspace       used 61568K, capacity 63148K, committed 63360K, reserved 1103872K
  class space    used 7871K, capacity 8458K, committed 8576K, reserved 1048576K
}
Event: 796,897 GC heap after
{Heap after GC invocations=53 (full 0):
 garbage-first heap   total 250880K, used 90999K [0x00000000a4200000, 0x0000000100000000)
  region size 1024K, 1 young (1024K), 1 survivors (1024K)
 Metaspace       used 61568K, capacity 63148K, committed 63360K, reserved 1103872K
  class space    used 7871K, capacity 8458K, committed 8576K, reserved 1048576K
}
Event: 868,678 GC heap before
{Heap before GC invocations=53 (full 0):
 garbage-first heap   total 250880K, used 102263K [0x00000000a4200000, 0x0000000100000000)
  region size 1024K, 12 young (12288K), 1 survivors (1024K)
 Metaspace       used 61568K, capacity 63148K, committed 63360K, reserved 1103872K
  class space    used 7871K, capacity 8458K, committed 8576K, reserved 1048576K
}
Event: 873,127 GC heap after
{Heap after GC invocations=54 (full 0):
 garbage-first heap   total 250880K, used 90997K [0x00000000a4200000, 0x0000000100000000)
  region size 1024K, 1 young (1024K), 1 survivors (1024K)
 Metaspace       used 61568K, capacity 63148K, committed 63360K, reserved 1103872K
  class space    used 7871K, capacity 8458K, committed 8576K, reserved 1048576K
}
Event: 947,328 GC heap before
{Heap before GC invocations=54 (full 0):
 garbage-first heap   total 250880K, used 102261K [0x00000000a4200000, 0x0000000100000000)
  region size 1024K, 12 young (12288K), 1 survivors (1024K)
 Metaspace       used 61568K, capacity 63148K, committed 63360K, reserved 1103872K
  class space    used 7871K, capacity 8458K, committed 8576K, reserved 1048576K
}

